<?xml version="1.0" encoding="UTF-8"?>
<testng-results ignored="0" total="4" passed="3" failed="1" skipped="0">
  <reporter-output>
  </reporter-output>
  <suite started-at="2024-09-18T17:54:03 IST" name="Default suite" finished-at="2024-09-18T17:55:23 IST" duration-ms="79831">
    <groups>
    </groups>
    <test started-at="2024-09-18T17:54:03 IST" name="Default test" finished-at="2024-09-18T17:55:23 IST" duration-ms="79831">
      <class name="day6.TestNg.ass3">
        <test-method signature="testActitimeLoginLogout()[pri:0, instance:day6.TestNg.ass3@59505b48]" started-at="2024-09-18T17:54:03 IST" name="testActitimeLoginLogout" finished-at="2024-09-18T17:54:22 IST" duration-ms="19025" status="FAIL">
          <exception class="java.lang.AssertionError">
            <message>
              <![CDATA[expected [OrangeHRM] but found [actiTIME - Enter Time-Track]]]>
            </message>
            <full-stacktrace>
              <![CDATA[java.lang.AssertionError: expected [OrangeHRM] but found [actiTIME - Enter Time-Track]
at org.testng.Assert.fail(Assert.java:111)
at org.testng.Assert.failNotEquals(Assert.java:1578)
at org.testng.Assert.assertEqualsImpl(Assert.java:150)
at org.testng.Assert.assertEquals(Assert.java:132)
at org.testng.Assert.assertEquals(Assert.java:656)
at org.testng.Assert.assertEquals(Assert.java:666)
at day6.TestNg.ass3.testActitimeLoginLogout(ass3.java:91)
at java.base/jdk.internal.reflect.NativeMethodAccessorImpl.invoke0(Native Method)
at java.base/jdk.internal.reflect.NativeMethodAccessorImpl.invoke(NativeMethodAccessorImpl.java:77)
at java.base/jdk.internal.reflect.DelegatingMethodAccessorImpl.invoke(DelegatingMethodAccessorImpl.java:43)
at java.base/java.lang.reflect.Method.invoke(Method.java:568)
at org.testng.internal.invokers.MethodInvocationHelper.invokeMethod(MethodInvocationHelper.java:139)
at org.testng.internal.invokers.TestInvoker.invokeMethod(TestInvoker.java:664)
at org.testng.internal.invokers.TestInvoker.invokeTestMethod(TestInvoker.java:227)
at org.testng.internal.invokers.MethodRunner.runInSequence(MethodRunner.java:50)
at org.testng.internal.invokers.TestInvoker$MethodInvocationAgent.invoke(TestInvoker.java:957)
at org.testng.internal.invokers.TestInvoker.invokeTestMethods(TestInvoker.java:200)
at org.testng.internal.invokers.TestMethodWorker.invokeTestMethods(TestMethodWorker.java:148)
at org.testng.internal.invokers.TestMethodWorker.run(TestMethodWorker.java:128)
at java.base/java.util.ArrayList.forEach(ArrayList.java:1511)
at org.testng.TestRunner.privateRun(TestRunner.java:848)
at org.testng.TestRunner.run(TestRunner.java:621)
at org.testng.SuiteRunner.runTest(SuiteRunner.java:443)
at org.testng.SuiteRunner.runSequentially(SuiteRunner.java:437)
at org.testng.SuiteRunner.privateRun(SuiteRunner.java:397)
at org.testng.SuiteRunner.run(SuiteRunner.java:336)
at org.testng.SuiteRunnerWorker.runSuite(SuiteRunnerWorker.java:52)
at org.testng.SuiteRunnerWorker.run(SuiteRunnerWorker.java:95)
at org.testng.TestNG.runSuitesSequentially(TestNG.java:1280)
at org.testng.TestNG.runSuitesLocally(TestNG.java:1200)
at org.testng.TestNG.runSuites(TestNG.java:1114)
at org.testng.TestNG.run(TestNG.java:1082)
at org.testng.remote.AbstractRemoteTestNG.run(AbstractRemoteTestNG.java:115)
at org.testng.remote.RemoteTestNG.initAndRun(RemoteTestNG.java:293)
at org.testng.remote.RemoteTestNG.main(RemoteTestNG.java:91)
]]>
            </full-stacktrace>
          </exception> <!-- java.lang.AssertionError -->
          <reporter-output>
          </reporter-output>
        </test-method> <!-- testActitimeLoginLogout -->
        <test-method signature="testOrangeHRMLoginLogout()[pri:0, instance:day6.TestNg.ass3@59505b48]" started-at="2024-09-18T17:54:22 IST" name="testOrangeHRMLoginLogout" finished-at="2024-09-18T17:54:41 IST" duration-ms="18915" status="PASS">
          <reporter-output>
          </reporter-output>
        </test-method> <!-- testOrangeHRMLoginLogout -->
        <test-method signature="testTricentisLoginLogout()[pri:0, instance:day6.TestNg.ass3@59505b48]" started-at="2024-09-18T17:54:41 IST" name="testTricentisLoginLogout" finished-at="2024-09-18T17:55:11 IST" duration-ms="30076" status="PASS">
          <reporter-output>
          </reporter-output>
        </test-method> <!-- testTricentisLoginLogout -->
        <test-method signature="testVtigerLoginLogout()[pri:0, instance:day6.TestNg.ass3@59505b48]" started-at="2024-09-18T17:55:11 IST" name="testVtigerLoginLogout" finished-at="2024-09-18T17:55:23 IST" duration-ms="11686" status="PASS">
          <reporter-output>
          </reporter-output>
        </test-method> <!-- testVtigerLoginLogout -->
      </class> <!-- day6.TestNg.ass3 -->
    </test> <!-- Default test -->
  </suite> <!-- Default suite -->
</testng-results>
